<?xml version="1.0" encoding="UTF-8"?>
<testsuite xmlns:xsi="http://www.w3.org/2001/XMLSchema-instance" xsi:noNamespaceSchemaLocation="https://maven.apache.org/surefire/maven-surefire-plugin/xsd/surefire-test-report-3.0.xsd" version="3.0" name="com.evaluacion.IntegracionChatbotAITest" time="0.183" tests="1" errors="0" skipped="0" failures="0">
  <properties>
[...]
</properties>
  <testcase name="testConexionConIA" classname="com.evaluacion.IntegracionChatbotAITest" time="0.146">
    <system-out><![CDATA[Respuesta recibida: Riesgo: 1
]]></system-out>
  </testcase>
</testsuite>